[Tue Sep 23 20:12:38 CST 2014] java.net.SocketTimeoutException: connect timed out
	at java.net.DualStackPlainSocketImpl.waitForConnect(Native Method)
	at java.net.DualStackPlainSocketImpl.socketConnect(Unknown Source)
	at java.net.AbstractPlainSocketImpl.doConnect(Unknown Source)
	at java.net.AbstractPlainSocketImpl.connectToAddress(Unknown Source)
	at java.net.AbstractPlainSocketImpl.connect(Unknown Source)
	at java.net.PlainSocketImpl.connect(Unknown Source)
	at java.net.SocksSocketImpl.connect(Unknown Source)
	at java.net.Socket.connect(Unknown Source)
	at org.chromium.sdk.internal.transport.SocketWrapper.<init>(SocketWrapper.java:37)
	at org.chromium.sdk.internal.transport.SocketConnection.attach(SocketConnection.java:288)
	at org.chromium.sdk.internal.transport.SocketConnection.start(SocketConnection.java:443)
	at org.chromium.sdk.internal.standalonev8.StandaloneVmImpl.attachImpl(StandaloneVmImpl.java:120)
	at org.chromium.sdk.internal.standalonev8.StandaloneVmImpl.attach(StandaloneVmImpl.java:78)
	at com.aptana.js.debug.core.v8.V8DebugHost.initSession(V8DebugHost.java:1296)
	at com.aptana.js.debug.core.internal.model.AbstractDebugHost.start(AbstractDebugHost.java:199)
	at com.aptana.js.debug.core.v8.V8DebugConnection.createConnection(V8DebugConnection.java:55)
	at com.appcelerator.titanium.android.core.launching.AndroidDebugLaunchHelper.initiateDebuggerConnection(AndroidDebugLaunchHelper.java:254)
	at com.appcelerator.titanium.android.core.launching.AndroidDebugLaunchHelper.access$0(AndroidDebugLaunchHelper.java:226)
	at com.appcelerator.titanium.android.core.launching.AndroidDebugLaunchHelper$1.run(AndroidDebugLaunchHelper.java:85)
	at java.lang.Thread.run(Unknown Source)

